MoveReg  Version 3.01
Execution at 11:39, 28-JUN-2019
series: varName                 
series begins: 2012 week: 26
series ends:   2019 week: 22
output file: coefs.out           

 1  2013    0.0729
 1  2014    0.0741
 1  2015    0.0673
 1  2016    0.0600
 1  2017    0.0556
 1  2018    0.0542
 2  2013   -0.0328
 2  2014   -0.0294
 2  2015   -0.0260
 2  2016   -0.0242
 2  2017   -0.0239
 2  2018   -0.0227
 3  2013    0.0184
 3  2014    0.0189
 3  2015    0.0178
 3  2016    0.0170
 3  2017    0.0169
 3  2018    0.0171
 4  2013    0.0050
 4  2014    0.0052
 4  2015    0.0068
 4  2016    0.0089
 4  2017    0.0104
 4  2018    0.0110
 5  2013    0.0031
 5  2014    0.0035
 5  2015    0.0030
 5  2016    0.0025
 5  2017    0.0023
 5  2018    0.0025
 6  2013   -0.0065
 6  2014   -0.0066
 6  2015   -0.0060
 6  2016   -0.0051
 6  2017   -0.0044
 6  2018   -0.0039
 7  2013    0.0083
 7  2014    0.0086
 7  2015    0.0087
 7  2016    0.0087
 7  2017    0.0086
 7  2018    0.0086
 8  2013   -0.0023
 8  2014   -0.0022
 8  2015   -0.0019
 8  2016   -0.0015
 8  2017   -0.0010
 8  2018   -0.0008
 9  2013   -0.0009
 9  2014   -0.0011
 9  2015   -0.0014
 9  2016   -0.0014
 9  2017   -0.0013
 9  2018   -0.0010
10  2013    0.0006
10  2014    0.0004
10  2015    0.0004
10  2016    0.0005
10  2017    0.0007
10  2018    0.0008
11  2013    0.0044
11  2014    0.0046
11  2015    0.0048
11  2016    0.0049
11  2017    0.0049
11  2018    0.0050
12  2013    0.0002
12  2014    0.0004
12  2015    0.0005
12  2016    0.0005
12  2017    0.0005
12  2018    0.0005
13  2013   -0.0010
13  2014   -0.0011
13  2015   -0.0012
13  2016   -0.0011
13  2017   -0.0011
13  2018   -0.0010
14  2013    0.0017
14  2014    0.0017
14  2015    0.0014
14  2016    0.0009
14  2017    0.0006
14  2018    0.0003
15  2013    0.0027
15  2014    0.0027
15  2015    0.0027
15  2016    0.0027
15  2017    0.0028
15  2018    0.0029
16  2013   -0.0005
16  2014   -0.0004
16  2015   -0.0005
16  2016   -0.0004
16  2017   -0.0004
16  2018   -0.0003
17  2013    0.0000
17  2014   -0.0001
17  2015   -0.0003
17  2016   -0.0004
17  2017   -0.0005
17  2018   -0.0005
18  2013    0.0002
18  2014    0.0004
18  2015    0.0005
18  2016    0.0005
18  2017    0.0005
18  2018    0.0005
19  2013    0.0021
19  2014    0.0020
19  2015    0.0020
19  2016    0.0020
19  2017    0.0020
19  2018    0.0020
20  2013    0.0000
20  2014   -0.0001
20  2015   -0.0002
20  2016   -0.0003
20  2017   -0.0004
20  2018   -0.0004
21  2013   -0.0003
21  2014   -0.0002
21  2015   -0.0001
21  2016    0.0000
21  2017    0.0002
21  2018    0.0003
22  2013   -0.0002
22  2014   -0.0001
22  2015   -0.0001
22  2016   -0.0001
22  2017   -0.0001
22  2018   -0.0002
23  2013    0.0006
23  2014    0.0005
23  2015    0.0005
23  2016    0.0005
23  2017    0.0004
23  2018    0.0004
24  2013    0.0004
24  2014    0.0004
24  2015    0.0003
24  2016    0.0002
24  2017    0.0001
24  2018    0.0000
25  2013   -0.0002
25  2014   -0.0002
25  2015   -0.0002
25  2016   -0.0002
25  2017   -0.0001
25  2018    0.0000
26  2013   -0.0005
26  2014   -0.0004
26  2015   -0.0005
26  2016   -0.0005
26  2017   -0.0005
26  2018   -0.0005
27  2013    0.0007
27  2014    0.0007
27  2015    0.0008
27  2016    0.0008
27  2017    0.0009
27  2018    0.0009
28  2013    0.0000
28  2014   -0.0001
28  2015   -0.0001
28  2016    0.0000
28  2017    0.0001
28  2018    0.0001
29  2013   -0.0004
29  2014   -0.0004
29  2015   -0.0004
29  2016   -0.0004
29  2017   -0.0003
29  2018   -0.0002
30  2013   -0.0003
30  2014   -0.0002
30  2015   -0.0001
30  2016   -0.0001
30  2017   -0.0001
30  2018    0.0000
31  2013    0.0003
31  2014    0.0004
31  2015    0.0005
31  2016    0.0006
31  2017    0.0007
31  2018    0.0006
32  2013   -0.0001
32  2014   -0.0001
32  2015   -0.0001
32  2016    0.0000
32  2017    0.0001
32  2018    0.0001
33  2013   -0.0009
33  2014   -0.0009
33  2015   -0.0008
33  2016   -0.0008
33  2017   -0.0007
33  2018   -0.0007
34  2013   -0.0005
34  2014   -0.0004
34  2015   -0.0003
34  2016   -0.0002
34  2017   -0.0001
34  2018    0.0000
35  2013    0.0003
35  2014    0.0003
35  2015    0.0004
35  2016    0.0004
35  2017    0.0004
35  2018    0.0004
36  2013   -0.0006
36  2014   -0.0006
36  2015   -0.0006
36  2016   -0.0006
36  2017   -0.0005
36  2018   -0.0005
37  2013   -0.0011
37  2014   -0.0012
37  2015   -0.0011
37  2016   -0.0010
37  2017   -0.0008
37  2018   -0.0006
38  2013   -0.0001
38  2014   -0.0001
38  2015   -0.0001
38  2016   -0.0002
38  2017   -0.0002
38  2018   -0.0003
39  2013    0.0002
39  2014    0.0003
39  2015    0.0004
39  2016    0.0004
39  2017    0.0005
39  2018    0.0005
40  2013    0.0004
40  2014    0.0003
40  2015    0.0003
40  2016    0.0002
40  2017    0.0002
40  2018    0.0001
41  2013   -0.0004
41  2014   -0.0004
41  2015   -0.0004
41  2016   -0.0003
41  2017   -0.0002
41  2018   -0.0002
42  2013   -0.0003
42  2014   -0.0002
42  2015   -0.0002
42  2016   -0.0003
42  2017   -0.0003
42  2018   -0.0003
43  2013    0.0008
43  2014    0.0008
43  2015    0.0009
43  2016    0.0008
43  2017    0.0008
43  2018    0.0008
44  2013    0.0003
44  2014    0.0003
44  2015    0.0004
44  2016    0.0004
44  2017    0.0004
44  2018    0.0004
45  2013   -0.0006
45  2014   -0.0007
45  2015   -0.0007
45  2016   -0.0007
45  2017   -0.0006
45  2018   -0.0005
46  2013   -0.0004
46  2014   -0.0005
46  2015   -0.0005
46  2016   -0.0005
46  2017   -0.0005
46  2018   -0.0005
47  2013    0.0009
47  2014    0.0009
47  2015    0.0009
47  2016    0.0008
47  2017    0.0007
47  2018    0.0006
48  2013   -0.0003
48  2014   -0.0003
48  2015   -0.0003
48  2016   -0.0004
48  2017   -0.0003
48  2018   -0.0003
49  2013   -0.0002
49  2014   -0.0002
49  2015   -0.0003
49  2016   -0.0003
49  2017   -0.0002
49  2018   -0.0002
50  2013   -0.0001
50  2014   -0.0001
50  2015   -0.0003
50  2016   -0.0003
50  2017   -0.0004
50  2018   -0.0004
51  2013   -0.0001
51  2014   -0.0001
51  2015    0.0000
51  2016    0.0000
51  2017    0.0000
51  2018    0.0000
52  2013    0.0001
52  2014    0.0000
52  2015    0.0000
52  2016   -0.0001
52  2017   -0.0001
52  2018   -0.0002
53  2013   -0.0006
53  2014   -0.0006
53  2015   -0.0006
53  2016   -0.0005
53  2017   -0.0005
53  2018   -0.0004
54  2013    0.0000
54  2014    0.0000
54  2015    0.0000
54  2016   -0.0001
54  2017   -0.0002
54  2018   -0.0003
55  2013    0.0005
55  2014    0.0006
55  2015    0.0005
55  2016    0.0004
55  2017    0.0003
55  2018    0.0002
56  2013    0.0000
56  2014    0.0000
56  2015    0.0000
56  2016    0.0001
56  2017    0.0001
56  2018    0.0001
57  2013   -0.0002
57  2014   -0.0003
57  2015   -0.0004
57  2016   -0.0005
57  2017   -0.0004
57  2018   -0.0004
58  2013    0.0001
58  2014    0.0001
58  2015    0.0000
58  2016   -0.0001
58  2017   -0.0002
58  2018   -0.0002
59  2013    0.0003
59  2014    0.0004
59  2015    0.0004
59  2016    0.0004
59  2017    0.0004
59  2018    0.0003
60  2013    0.0001
60  2014    0.0001
60  2015    0.0001
60  2016    0.0002
60  2017    0.0003
60  2018    0.0003
