MoveReg  Version 3.01
Execution at 11:39, 28-JUN-2019
series: varName                 
series begins: 2012 week: 26
series ends:   2019 week: 22
output file: global.out          


       OBSERVATION      ESTIMATE      RESIDUAL     STD ERR          T-Value            P-Value
    EFFECT         FACTOR       STD ERR       T-Value                     P-Value
   1      10724.0000      10723.9893       -0.0003        0.0005       -0.5855        0.2794
   2      10733.9990      10737.3545       -0.0007        0.0005       -1.2574        0.1049
   3      10744.9990      10755.6104       -0.0003        0.0005       -0.5258        0.2998
   4      10756.0000      10769.6543        0.0008        0.0005        1.5841        0.0572
   5      10798.9990      10803.5283       -0.0017        0.0005       -3.1648        0.0009
   6      10821.0010      10843.9121       -0.0003        0.0005       -0.5743        0.2831
   7      10831.0000      10857.2744        0.0004        0.0005        0.6963        0.2434
   8      10853.0010      10875.2686        0.0005        0.0005        0.8414        0.2005
   9      10864.0010      10881.3848        0.0006        0.0005        1.1844        0.1187
  10      10874.9990      10885.4863       -0.0004        0.0005       -0.6998        0.2424
  11      10874.9990      10889.5703       -0.0010        0.0005       -1.8688        0.0314
  12      10874.9990      10900.4824       -0.0011        0.0005       -2.0517        0.0206
  13      10874.9990      10912.4727       -0.0008        0.0005       -1.5788        0.0578
  14      10874.9990      10921.7070       -0.0004        0.0005       -0.6960        0.2435
  15      10886.0010      10936.8330       -0.0010        0.0005       -1.9086        0.0287
  16      10886.0010      10948.0225       -0.0009        0.0005       -1.6497        0.0501
  17      10896.0010      10967.7715       -0.0013        0.0005       -2.4867        0.0068
  18      10896.0010      10982.3936       -0.0007        0.0005       -1.3432        0.0902
  19      10907.0000      11001.3936       -0.0007        0.0005       -1.2944        0.0984
  20      10918.0000      11020.1289       -0.0004        0.0005       -0.7275        0.2338
  21      10940.0000      11046.6406       -0.0009        0.0005       -1.6529        0.0498
  22      10950.9990      11067.5430       -0.0009        0.0005       -1.7055        0.0447
  23      10961.9990      11088.7832       -0.0010        0.0005       -1.8047        0.0362
  24      10973.0010      11110.6455       -0.0010        0.0005       -1.8282        0.0344
  25      10983.9980      11132.6768       -0.0009        0.0005       -1.7381        0.0417
  26      10995.0010      11154.2051       -0.0003        0.0005       -0.5212        0.3013
  27      11017.0000      11179.6445       -0.0014        0.0005       -2.5459        0.0057
  28      11028.0010      11206.0723       -0.0014        0.0005       -2.6932        0.0038
  29      11039.0000      11233.4365       -0.0026        0.0005       -4.8767        0.0000
  30      11050.0010      11274.0273       -0.0021        0.0005       -4.0131        0.0000
  31      11067.9990      11316.6758       -0.0023        0.0005       -4.2022        0.0000
  32      11094.0010      11368.8125       -0.0007        0.0005       -1.3914        0.0827
  33      11127.9990      11412.1553       -0.0018        0.0005       -3.4058        0.0004
  34      11138.9990      11444.3037       -0.0016        0.0005       -2.9833        0.0016
  35      11149.9990      11473.9365       -0.0020        0.0005       -3.7955        0.0001
  36      11160.9990      11508.6533       -0.0006        0.0005       -1.0984        0.1365
  37      11183.0010      11538.1367       -0.0004        0.0005       -0.7726        0.2202
  38      11205.9990      11566.6572       -0.0005        0.0005       -0.9402        0.1740
  39      11227.9990      11595.2148        0.0004        0.0005        0.7646        0.2226
  40      11251.0010      11614.2031       -0.0001        0.0005       -0.2502        0.4013
  41      11273.0000      11638.4775        0.0002        0.0005        0.4427        0.3292
  42      11296.0000      11659.4512        0.0002        0.0005        0.3041        0.3806
  43      11318.0010      11680.2520        0.0001        0.0005        0.2674        0.3947
  44      11341.0020      11702.3057        0.0002        0.0005        0.3608        0.3593
  45      11363.0000      11722.7305        0.0003        0.0005        0.5044        0.3072
  46      11386.0000      11743.2715       -0.0003        0.0005       -0.4771        0.3169
  47      11408.9990      11770.0117        0.0002        0.0005        0.4151        0.3392
  48      11431.9990      11791.1055        0.0000        0.0005        0.0842        0.4665
  49      11454.9990      11814.2930        0.0003        0.0005        0.5092        0.3055
  50      11477.9990      11834.7686        0.0003        0.0005        0.6321        0.2639
  51      11501.0010      11854.4453        0.0010        0.0005        1.9240        0.0277
  52      11535.0010      11877.1797        0.0005        0.0005        0.9109        0.1816
  53      11558.0010      11895.0078        0.0000        0.0005        0.0293        0.4884
  54      11570.0000      11907.1689       -0.0004        0.0005       -0.6719        0.2511
  55      11581.0000      11922.7646       -0.0002        0.0005       -0.4431        0.3290
  56      11593.0010      11937.9395       -0.0013        0.0005       -2.4310        0.0079
  57      11604.0010      11964.7900       -0.0010        0.0005       -1.9072        0.0288
  58      11638.9990      12013.1025        0.0001        0.0005        0.2320        0.4084
  59      11651.0010      12023.9990       -0.0006        0.0005       -1.0546        0.1463
  60      11662.9990      12043.1650       -0.0003        0.0005       -0.6377        0.2621
  61      11662.9990      12047.2715       -0.0002        0.0005       -0.3604        0.3594
  62      11662.9990      12049.5918       -0.0001        0.0005       -0.1831        0.4274
  63      11662.9990      12050.7734        0.0003        0.0005        0.6182        0.2685
  64      11673.9990      12058.1514        0.0000        0.0005        0.0513        0.4796
  65      11685.9990      12070.2139        0.0006        0.0005        1.0596        0.1452
  66      11697.9990      12075.7578        0.0007        0.0005        1.3725        0.0856
  67      11721.0010      12090.6113        0.0003        0.0005        0.6268        0.2657
  68      11733.0010      12098.9287        0.0004        0.0005        0.7672        0.2218
  69      11756.0010      12117.6602        0.0009        0.0005        1.7118        0.0441
  70      11780.0010      12131.2646        0.0005        0.0005        0.9707        0.1663
  71      11803.0000      12148.6250        0.0006        0.0005        1.1018        0.1358
  72      11827.0010      12166.1348        0.0009        0.0005        1.6162        0.0537
  73      11862.0000      12191.5625        0.0003        0.0005        0.5115        0.3047
  74      11886.0020      12212.8750        0.0014        0.0005        2.5747        0.0053
  75      11922.0000      12232.9424        0.0003        0.0005        0.5641        0.2866
  76      11946.0000      12253.8545        0.0011        0.0005        2.1343        0.0169
  77      11981.0010      12275.6748        0.0014        0.0005        2.5368        0.0059
  78      12017.0010      12295.7861        0.0010        0.0005        1.8235        0.0347
  79      12053.0000      12320.5381        0.0009        0.0005        1.7459        0.0410
  80      12090.0000      12346.7656        0.0019        0.0005        3.4546        0.0003
  81      12138.0000      12372.7715        0.0057        0.0005       10.5912        0.0000
  82      12247.0000      12412.9541        0.0051        0.0005        9.5284        0.0000
  83      12352.9990      12456.3516        0.0040        0.0005        7.4893        0.0000
  84      12456.0000      12509.6660        0.0042        0.0005        7.8273        0.0000
  85      12555.9990      12557.0381        0.0044        0.0005        8.0941        0.0000
  86      12644.0000      12590.0137        0.0036        0.0005        6.7050        0.0000
  87      12719.9980      12620.0029        0.0063        0.0005       11.6184        0.0000
  88      12833.9990      12653.5957        0.0035        0.0005        6.4159        0.0000
  89      12911.0010      12685.5547        0.0020        0.0005        3.6435        0.0002
  90      12963.0010      12711.6406        0.0036        0.0005        6.6151        0.0000
  91      13041.0010      12742.5674        0.0006        0.0005        1.1994        0.1158
  92      13067.0010      12759.7100        0.0001        0.0005        0.2552        0.3994
  93      13093.0000      12783.3359        0.0004        0.0005        0.7291        0.2333
  94      13119.0010      12803.6807        0.0005        0.0005        0.8517        0.1976
  95      13145.0000      12823.1523        0.0014        0.0005        2.5792        0.0052
  96      13185.0000      12844.2617        0.0004        0.0005        0.7985        0.2127
  97      13211.0010      12864.0381       -0.0004        0.0005       -0.8282        0.2042
  98      13224.0010      12882.4639        0.0000        0.0005       -0.0284        0.4887
  99      13251.0000      12908.9629       -0.0006        0.0005       -1.0342        0.1510
 100      13264.0010      12928.8604       -0.0008        0.0005       -1.4758        0.0706
 101      13276.9980      12951.8701       -0.0005        0.0005       -0.8461        0.1991
 102      13289.9990      12970.4912       -0.0004        0.0005       -0.8306        0.2035
 103      13303.9990      12989.9980       -0.0006        0.0005       -1.0799        0.1406
 104      13317.0000      13010.2998       -0.0004        0.0005       -0.8144        0.2081
 105      13329.9990      13028.7559       -0.0008        0.0005       -1.4792        0.0702
 106      13329.9990      13039.1611        0.0001        0.0005        0.2183        0.4137
 107      13344.0000      13051.3184       -0.0003        0.0005       -0.4767        0.3170
 108      13356.9990      13067.3936       -0.0014        0.0005       -2.6332        0.0045
 109      13356.9990      13085.9844        0.0029        0.0005        5.2966        0.0000
 110      13450.9990      13140.4414        0.0002        0.0005        0.4351        0.3319
 111      13464.0000      13150.0498       -0.0005        0.0005       -0.8853        0.1884
 112      13477.0000      13169.0469       -0.0002        0.0005       -0.3007        0.3820
 113      13477.0000      13171.1885        0.0000        0.0005       -0.0132        0.4947
 114      13477.0000      13171.2832        0.0002        0.0005        0.3216        0.3740
 115      13477.0000      13168.9912       -0.0002        0.0005       -0.4358        0.3317
 116      13477.0000      13172.0986        0.0002        0.0005        0.3382        0.3677
 117      13491.0010      13183.3701        0.0019        0.0005        3.4487        0.0003
 118      13517.9990      13185.0879        0.0010        0.0005        1.8060        0.0361
 119      13545.0020      13198.5000        0.0006        0.0005        1.1500        0.1256
 120      13558.9980      13203.9004        0.0007        0.0005        1.3753        0.0851
 121      13585.9990      13220.3242        0.0000        0.0005        0.0251        0.4900
 122      13599.0010      13232.7969       -0.0001        0.0005       -0.1532        0.4392
 123      13613.0020      13247.5225        0.0008        0.0005        1.4247        0.0777
 124      13639.9990      13263.5244        0.0002        0.0005        0.4443        0.3286
 125      13667.0020      13286.5713        0.0004        0.0005        0.7815        0.2176
 126      13695.0010      13308.1328        0.0006        0.0005        1.1213        0.1316
 127      13722.0010      13326.2363        0.0005        0.0005        0.9354        0.1752
 128      13749.0020      13345.6611       -0.0005        0.0005       -1.0004        0.1590
 129      13763.0000      13366.5273       -0.0003        0.0005       -0.6321        0.2640
 130      13777.0010      13384.7373       -0.0007        0.0005       -1.3220        0.0937
 131      13791.0010      13407.9980        0.0001        0.0005        0.1381        0.4452
 132      13817.9990      13433.2344        0.0002        0.0005        0.3906        0.3482
 133      13846.0010      13457.5879       -0.0008        0.0005       -1.4998        0.0675
 134      13874.0000      13495.8496       -0.0009        0.0005       -1.7023        0.0450
 135      13906.0000      13539.5615       -0.0012        0.0005       -2.2827        0.0116
 136      13943.0000      13592.5244       -0.0007        0.0005       -1.3361        0.0914
 137      13984.9990      13643.4170       -0.0005        0.0005       -0.8413        0.2005
 138      14013.0010      13677.0186       -0.0002        0.0005       -0.3317        0.3702
 139      14040.9990      13706.8291       -0.0003        0.0005       -0.5332        0.2972
 140      14069.0000      13738.1650       -0.0005        0.0005       -0.8966        0.1854
 141      14097.0000      13772.2520        0.0003        0.0005        0.5820        0.2805
 142      14125.0010      13795.2207       -0.0003        0.0005       -0.5488        0.2918
 143      14153.9990      13827.6885       -0.0001        0.0005       -0.2316        0.4085
 144      14168.0010      13843.1191        0.0004        0.0005        0.7290        0.2333
 145      14196.0010      13864.9492       -0.0004        0.0005       -0.7490        0.2273
 146      14210.0000      13884.3076       -0.0002        0.0005       -0.3783        0.3527
 147      14224.9990      13901.8398       -0.0004        0.0005       -0.7520        0.2264
 148      14238.9990      13921.2461       -0.0004        0.0005       -0.6413        0.2610
 149      14253.0000      13939.8252       -0.0002        0.0005       -0.2862        0.3875
 150      14267.0000      13955.7051        0.0003        0.0005        0.4771        0.3168
 151      14296.0000      13980.4209       -0.0004        0.0005       -0.6816        0.2481
 152      14309.9990      13999.3330        0.0005        0.0005        0.8627        0.1946
 153      14339.0010      14021.0859       -0.0002        0.0005       -0.3525        0.3624
 154      14353.0010      14037.4824       -0.0004        0.0005       -0.6948        0.2439
 155      14367.0010      14056.5176       -0.0001        0.0005       -0.2246        0.4112
 156      14382.0010      14072.9258       -0.0004        0.0005       -0.7507        0.2268
 157      14396.0010      14092.4160       -0.0006        0.0005       -1.0790        0.1408
 158      14396.0010      14100.7373        0.0005        0.0005        0.8856        0.1883
 159      14411.0010      14108.5859       -0.0002        0.0005       -0.3824        0.3512
 160      14424.9980      14125.2471        0.0004        0.0005        0.7185        0.2365
 161      14438.9990      14133.3965        0.0000        0.0005       -0.0097        0.4962
 162      14497.0020      14190.2451        0.0001        0.0005        0.1902        0.4247
 163      14512.0000      14203.4453       -0.0002        0.0005       -0.3285        0.3714
 164      14525.9980      14219.7031        0.0009        0.0005        1.6372        0.0514
 165      14540.9980      14221.6348       -0.0009        0.0005       -1.5766        0.0581
 166      14525.9980      14219.2314       -0.0005        0.0005       -0.9588        0.1693
 167      14512.0000      14212.9883        0.0002        0.0005        0.3084        0.3790
 168      14512.0000      14210.5898        0.0003        0.0005        0.5860        0.2792
 169      14525.9980      14219.7373        0.0001        0.0005        0.1710        0.4322
 170      14525.9980      14218.4043       -0.0007        0.0005       -1.2333        0.1093
 171      14525.9980      14228.0049       -0.0002        0.0005       -0.4465        0.3278
 172      14525.9980      14231.4814        0.0002        0.0005        0.4310        0.3334
 173      14540.9980      14242.8184        0.0001        0.0005        0.1933        0.4234
 174      14555.0010      14255.0254        0.0003        0.0005        0.5555        0.2895
 175      14570.0000      14265.3779       -0.0001        0.0005       -0.0952        0.4621
 176      14583.9990      14279.8301       -0.0002        0.0005       -0.4220        0.3367
 177      14599.0000      14297.8174        0.0004        0.0005        0.7335        0.2320
 178      14627.9980      14320.4697        0.0000        0.0005       -0.0619        0.4754
 179      14642.9990      14335.6406       -0.0003        0.0005       -0.4764        0.3171
 180      14656.9990      14353.0869       -0.0003        0.0005       -0.5424        0.2940
 181      14672.0010      14372.0400        0.0009        0.0005        1.5629        0.0597
 182      14701.0000      14388.1504       -0.0004        0.0005       -0.7010        0.2420
 183      14716.0000      14408.3486       -0.0006        0.0005       -1.0790        0.1408
 184      14730.9990      14431.5410       -0.0005        0.0005       -0.9956        0.1602
 185      14746.0000      14454.0996       -0.0013        0.0005       -2.3149        0.0107
 186      14759.9990      14486.1289       -0.0013        0.0005       -2.3893        0.0088
 187      14784.9990      14529.6104       -0.0011        0.0005       -1.9638        0.0253
 188      14819.0010      14578.6523       -0.0008        0.0005       -1.4048        0.0807
 189      14864.0000      14634.1484       -0.0015        0.0005       -2.6860        0.0039
 190      14879.0020      14670.4199       -0.0010        0.0005       -1.8191        0.0350
 191      14894.0010      14699.7949       -0.0009        0.0005       -1.7169        0.0436
 192      14908.0020      14727.3994       -0.0014        0.0005       -2.6198        0.0047
 193      14923.0010      14763.2930       -0.0014        0.0005       -2.5360        0.0059
 194      14923.0010      14783.7119       -0.0012        0.0005       -2.1154        0.0177
 195      14937.9990      14815.6309       -0.0011        0.0005       -1.9801        0.0244
 196      14937.9990      14831.6123       -0.0012        0.0005       -2.2059        0.0141
 197      14937.9990      14849.4277       -0.0002        0.0005       -0.4324        0.3329
 198      14953.0000      14867.8389       -0.0010        0.0005       -1.8709        0.0313
 199      14953.0000      14882.9678       -0.0011        0.0005       -2.0687        0.0198
 200      14953.0000      14899.7080       -0.0001        0.0005       -0.2282        0.4098
 201      14967.9980      14916.5029        0.0001        0.0005        0.1835        0.4273
 202      14983.0020      14929.9658       -0.0004        0.0005       -0.6759        0.2499
 203      14998.0020      14950.3975        0.0007        0.0005        1.3470        0.0896
 204      15028.0010      14969.3623       -0.0002        0.0005       -0.4471        0.3276
 205      15042.9990      14987.9355        0.0000        0.0005        0.0175        0.4931
 206      15057.9990      15002.7373       -0.0002        0.0005       -0.2771        0.3910
 207      15073.0020      15019.9414       -0.0008        0.0005       -1.5138        0.0657
 208      15073.0020      15032.2578       -0.0003        0.0005       -0.5449        0.2931
 209      15087.9980      15051.6523        0.0006        0.0005        1.0591        0.1453
 210      15102.9990      15057.9805        0.0008        0.0005        1.4734        0.0709
 211      15118.9980      15061.8438        0.0000        0.0005        0.0841        0.4665
 212      15134.0020      15076.0996        0.0009        0.0005        1.6103        0.0543
 213      15149.0010      15077.8428        0.0006        0.0005        1.1364        0.1284
 214      15209.0000      15128.2188       -0.0004        0.0005       -0.7865        0.2162
 215      15224.9990      15150.6016        0.0003        0.0005        0.6156        0.2694
 216      15239.9990      15160.4619       -0.0002        0.0005       -0.3756        0.3538
 217      15239.9990      15163.5498       -0.0006        0.0005       -1.0745        0.1418
 218      15224.9990      15157.4551       -0.0004        0.0005       -0.6926        0.2446
 219      15209.0000      15147.2139       -0.0005        0.0005       -0.8810        0.1896
 220      15193.9990      15139.4980       -0.0003        0.0005       -0.5508        0.2911
 221      15193.9990      15144.0146       -0.0018        0.0005       -3.2943        0.0006
 222      15164.0020      15141.0967       -0.0012        0.0005       -2.2595        0.0124
 223      15149.0010      15144.6318       -0.0001        0.0005       -0.2772        0.3909
 224      15149.0010      15146.9033       -0.0003        0.0005       -0.6389        0.2617
 225      15149.0010      15152.1367       -0.0007        0.0005       -1.3478        0.0895
 226      15149.0010      15163.1846       -0.0004        0.0005       -0.7386        0.2304
 227      15149.0010      15169.2373       -0.0008        0.0005       -1.4645        0.0721
 228      15149.0010      15181.2500       -0.0009        0.0005       -1.6132        0.0540
 229      15149.0010      15194.4844       -0.0004        0.0005       -0.8149        0.2080
 230      15164.0020      15216.2246       -0.0008        0.0005       -1.5093        0.0662
 231      15164.0020      15228.6299       -0.0010        0.0005       -1.8052        0.0361
 232      15164.0020      15243.4756       -0.0001        0.0005       -0.1173        0.4534
 233      15179.0020      15259.5195       -0.0009        0.0005       -1.6953        0.0456
 234      15179.0020      15273.4775       -0.0001        0.0005       -0.1921        0.4239
 235      15193.9990      15290.1543       -0.0004        0.0005       -0.6660        0.2530
 236      15209.0000      15310.7461       -0.0003        0.0005       -0.5441        0.2934
 237      15224.9990      15331.3486       -0.0008        0.0005       -1.4596        0.0728
 238      15239.9990      15358.5273       -0.0018        0.0005       -3.2799        0.0006
 239      15255.0010      15400.8350       -0.0015        0.0005       -2.7612        0.0031
 240      15278.0010      15447.0078       -0.0017        0.0005       -3.1100        0.0010
 241      15308.0020      15503.2666       -0.0014        0.0005       -2.5411        0.0058
 242      15323.9990      15540.7031       -0.0008        0.0005       -1.4944        0.0682
 243      15339.0010      15568.4229       -0.0016        0.0005       -2.9688        0.0016
 244      15339.0010      15593.2979       -0.0012        0.0005       -2.2723        0.0120
 245      15353.9980      15627.6250       -0.0002        0.0005       -0.3534        0.3620
 246      15370.0010      15646.8838       -0.0008        0.0005       -1.5793        0.0578
 247      15384.9990      15675.4482       -0.0010        0.0005       -1.9190        0.0281
 248      15384.9990      15691.6133        0.0002        0.0005        0.3424        0.3662
 249      15401.0000      15705.0459       -0.0001        0.0005       -0.1341        0.4467
 250      15415.9990      15721.4736        0.0002        0.0005        0.3496        0.3635
 251      15431.0000      15733.8184        0.0002        0.0005        0.3310        0.3705
 252      15447.0010      15747.3350        0.0001        0.0005        0.1356        0.4461
 253      15462.0010      15761.4814        0.0003        0.0005        0.6410        0.2611
 254      15478.0010      15772.3711        0.0000        0.0005       -0.0645        0.4743
 255      15493.0010      15788.2031       -0.0001        0.0005       -0.1941        0.4231
 256      15509.0000      15806.1504        0.0000        0.0005        0.0714        0.4716
 257      15524.0010      15820.8350        0.0002        0.0005        0.3890        0.3488
 258      15539.9990      15833.8418        0.0001        0.0005        0.1664        0.4340
 259      15555.0000      15847.7148        0.0005        0.0005        0.8487        0.1984
 260      15571.0000      15856.8154       -0.0001        0.0005       -0.1941        0.4231
 261      15586.0010      15873.7422        0.0008        0.0005        1.4266        0.0775
 262      15601.9990      15877.9131        0.0000        0.0005       -0.0281        0.4888
 263      15601.9990      15878.1553        0.0004        0.0005        0.7571        0.2249
 264      15617.9990      15887.9453        0.0010        0.0005        1.9087        0.0287
 265      15633.0010      15886.8047       -0.0006        0.0005       -1.0746        0.1418
 266      15664.0020      15927.5449        0.0002        0.0005        0.2995        0.3824
 267      15695.9980      15957.4990        0.0008        0.0005        1.4081        0.0802
 268      15711.0000      15960.6162       -0.0002        0.0005       -0.3863        0.3498
 269      15711.0000      15963.9424        0.0007        0.0005        1.2056        0.1145
 270      15711.0000      15953.5625        0.0009        0.0005        1.6453        0.0506
 271      15711.0000      15939.4199        0.0008        0.0005        1.4851        0.0694
 272      15711.0000      15926.6631        0.0011        0.0005        2.0154        0.0225
 273      15726.9990      15925.5771        0.0013        0.0005        2.4070        0.0084
 274      15743.0000      15921.1240        0.0002        0.0005        0.3545        0.3616
 275      15743.0000      15918.0840        0.0000        0.0005       -0.0815        0.4676
 276      15743.0000      15918.7822        0.0001        0.0005        0.1054        0.4581
 277      15743.0000      15917.8789        0.0005        0.0005        0.8580        0.1959
 278      15759.0020      15926.7051        0.0008        0.0005        1.5456        0.0617
 279      15774.0000      15928.6191        0.0005        0.0005        0.8732        0.1917
 280      15789.9990      15937.2910        0.0005        0.0005        0.8798        0.1899
 281      15805.9990      15945.9004       -0.0002        0.0005       -0.3736        0.3545
 282      15822.0010      15965.2480        0.0004        0.0005        0.7526        0.2262
 283      15837.9990      15974.9346        0.0002        0.0005        0.4161        0.3389
 284      15853.0020      15986.4941        0.0012        0.0005        2.3017        0.0111
 285      15885.0020      15998.9854        0.0003        0.0005        0.5383        0.2954
 286      15901.0000      16010.4756        0.0002        0.0005        0.4188        0.3379
 287      15916.9990      16022.9854        0.0009        0.0005        1.7248        0.0429
 288      15948.9990      16040.3574        0.0009        0.0005        1.6361        0.0515
 289      15980.9990      16058.4492        0.0006        0.0005        1.1981        0.1160
 290      16012.9990      16080.2744        0.0005        0.0005        0.9764        0.1649
 291      16060.9990      16120.0430        0.0013        0.0005        2.4984        0.0066
 292      16125.0020      16162.6416        0.0016        0.0005        2.9807        0.0016
 293      16205.9990      16217.9316       -0.0004        0.0005       -0.7473        0.2278
 294      16238.0010      16256.4580        0.0004        0.0005        0.7551        0.2254
 295      16269.9990      16281.9082       -0.0003        0.0005       -0.5704        0.2845
 296      16286.9990      16303.8975       -0.0009        0.0005       -1.7205        0.0433
 297      16303.0010      16334.9590       -0.0002        0.0005       -0.3087        0.3789
 298      16318.9980      16353.6914       -0.0004        0.0005       -0.7298        0.2331
 299      16335.9980      16377.1289        0.0000        0.0005       -0.0712        0.4716
 300      16351.9990      16393.7949        0.0005        0.0005        0.8766        0.1908
 301      16367.9980      16402.1309        0.0002        0.0005        0.3602        0.3595
 302      16384.9980      16415.9980        0.0004        0.0005        0.7762        0.2192
 303      16401.0000      16425.1992        0.0004        0.0005        0.7164        0.2372
 304      16417.0020      16434.9141       -0.0007        0.0005       -1.2422        0.1077
 305      16417.0020      16445.8535       -0.0005        0.0005       -0.9103        0.1818
 306      16417.0020      16453.8789        0.0004        0.0005        0.7375        0.2308
 307      16434.0000      16464.4102        0.0000        0.0005       -0.0359        0.4857
 308      16449.9980      16480.7559        0.0004        0.0005        0.7714        0.2206
 309      16467.0000      16490.9707        0.0003        0.0005        0.5655        0.2861
 310      16483.0000      16501.9922        0.0005        0.0005        0.8422        0.2002
 311      16500.0020      16511.5547        0.0006        0.0005        1.1128        0.1334
 312      16516.0000      16517.7207        0.0002        0.0005        0.4525        0.3257
 313      16533.0000      16530.7109       -0.0001        0.0005       -0.2589        0.3980
