MoveReg  Version 3.01
Execution at 11:39, 28-JUN-2019
series: varName                 
series begins: 2012 week: 26
series ends:   2019 week: 22
output file: results.out         

wk  year          sa   safactor        obs    outlier
 0     0      10667.     1.0054     10724.     1.0000
 0     0      10687.     1.0044     10734.     1.0000
 0     0      10705.     1.0038     10745.     1.0000
 0     0      10726.     1.0028     10756.     1.0000
 0     0      10759.     1.0037     10799.     1.0000
 0     0      10765.     1.0052     10821.     1.0000
 0     0      10786.     1.0041     10831.     1.0000
 0     0      10812.     1.0038     10853.     1.0000
 0     0      10840.     1.0022     10864.     1.0000
 0     0      10868.     1.0006     10875.     1.0000
 0     0      10888.     0.9988     10875.     1.0000
 0     0      10902.     0.9975     10875.     1.0000
 0     0      10914.     0.9964     10875.     1.0000
 0     0      10928.     0.9952     10875.     1.0000
 0     0      10944.     0.9947     10886.     1.0000
 0     0      10958.     0.9934     10886.     1.0000
 0     0      10971.     0.9932     10896.     1.0000
 0     0      10981.     0.9922     10896.     1.0000
 0     0      10996.     0.9919     10907.     1.0000
 0     0      11011.     0.9915     10918.     1.0000
 0     0      11028.     0.9920     10940.     1.0000
 0     0      11042.     0.9917     10951.     1.0000
 0     0      11054.     0.9917     10962.     1.0000
 0     0      11068.     0.9915     10973.     1.0000
 0     0      11079.     0.9914     10984.     1.0000
 0     0      11092.     0.9913     10995.     1.0000
 0     0      11111.     0.9915     11017.     1.0000
 0     0      11120.     0.9917     11028.     1.0000
 0     0      11126.     0.9922     11039.     1.0000
 0     0      11117.     0.9940     11050.     1.0000
 0     0      11114.     0.9959     11068.     1.0000
 0     0      11112.     0.9984     11094.     1.0000
 0     0      11121.     1.0007     11128.     1.0000
 0     0      11121.     1.0016     11139.     1.0000
 0     0      11122.     1.0025     11150.     1.0000
 0     0      11118.     1.0039     11161.     1.0000
 0     0      11129.     1.0048     11183.     1.0000
 0     0      11145.     1.0055     11206.     1.0000
 0     0      11156.     1.0064     11228.     1.0000
 0     0      11182.     1.0061     11251.     1.0000
 0     0      11202.     1.0064     11273.     1.0000
 0     0      11226.     1.0062     11296.     1.0000
 0     0      11249.     1.0062     11318.     1.0000
 0     0      11270.     1.0063     11341.     1.0000
 0     0      11293.     1.0062     11363.     1.0000
 0     0      11318.     1.0060     11386.     1.0000
 0     0      11337.     1.0064     11409.     1.0000
 0     0      11362.     1.0062     11432.     1.0000
 0     0      11385.     1.0062     11455.     1.0000
 0     0      11410.     1.0059     11478.     1.0000
 0     0      11436.     1.0057     11501.     1.0000
 0     0      11469.     1.0058     11535.     1.0000
 0     0      11499.     1.0052     11558.     1.0000
 0     0      11521.     1.0042     11570.     1.0000
 0     0      11541.     1.0035     11581.     1.0000
 0     0      11561.     1.0028     11593.     1.0000
 0     0      11570.     1.0029     11604.     1.0000
 0     0      11580.     1.0051     11639.     1.0000
 0     0      11605.     1.0039     11651.     1.0000
 0     0      11620.     1.0037     11663.     1.0000
 0     0      11638.     1.0021     11663.     1.0000
 0     0      11657.     1.0005     11663.     1.0000
 0     0      11679.     0.9987     11663.     1.0000
 0     0      11706.     0.9973     11674.     1.0000
 0     0      11729.     0.9964     11686.     1.0000
 0     0      11756.     0.9950     11698.     1.0000
 0     0      11785.     0.9946     11721.     1.0000
 0     0      11812.     0.9933     11733.     1.0000
 0     0      11838.     0.9931     11756.     1.0000
 0     0      11872.     0.9923     11780.     1.0000
 0     0      11899.     0.9919     11803.     1.0000
 0     0      11928.     0.9915     11827.     1.0000
 0     0      11959.     0.9919     11862.     1.0000
 0     0      11985.     0.9918     11886.     1.0000
 0     0      12021.     0.9918     11922.     1.0000
 0     0      12048.     0.9915     11946.     1.0000
 0     0      12083.     0.9915     11981.     1.0000
 0     0      12121.     0.9914     12017.     1.0000
 0     0      12155.     0.9916     12053.     1.0000
 0     0      12189.     0.9919     12090.     1.0000
 0     0      12233.     0.9922     12138.     1.0000
 0     0      12321.     0.9940     12247.     1.0000
 0     0      12404.     0.9959     12353.     1.0000
 0     0      12475.     0.9985     12456.     1.0000
 0     0      12546.     1.0008     12556.     1.0000
 0     0      12620.     1.0019     12644.     1.0000
 0     0      12685.     1.0028     12720.     1.0000
 0     0      12781.     1.0041     12834.     1.0000
 0     0      12844.     1.0052     12911.     1.0000
 0     0      12890.     1.0057     12963.     1.0000
 0     0      12953.     1.0068     13041.     1.0000
 0     0      12984.     1.0064     13067.     1.0000
 0     0      13007.     1.0066     13093.     1.0000
 0     0      13035.     1.0064     13119.     1.0000
 0     0      13063.     1.0063     13145.     1.0000
 0     0      13102.     1.0064     13185.     1.0000
 0     0      13129.     1.0063     13211.     1.0000
 0     0      13145.     1.0060     13224.     1.0000
 0     0      13168.     1.0063     13251.     1.0000
 0     0      13183.     1.0061     13264.     1.0000
 0     0      13196.     1.0062     13277.     1.0000
 0     0      13213.     1.0058     13290.     1.0000
 0     0      13229.     1.0056     13304.     1.0000
 0     0      13244.     1.0055     13317.     1.0000
 0     0      13268.     1.0047     13330.     1.0000
 0     0      13279.     1.0038     13330.     1.0000
 0     0      13303.     1.0031     13344.     1.0000
 0     0      13322.     1.0026     13357.     1.0000
 0     0      13327.     1.0023     13357.     1.0000
 0     0      13384.     1.0050     13451.     1.0000
 0     0      13410.     1.0040     13464.     1.0000
 0     0      13425.     1.0039     13477.     1.0000
 0     0      13445.     1.0024     13477.     1.0000
 0     0      13467.     1.0008     13477.     1.0000
 0     0      13491.     0.9990     13477.     1.0000
 0     0      13510.     0.9976     13477.     1.0000
 0     0      13534.     0.9968     13491.     1.0000
 0     0      13580.     0.9954     13518.     1.0000
 0     0      13613.     0.9950     13545.     1.0000
 0     0      13643.     0.9938     13559.     1.0000
 0     0      13674.     0.9936     13586.     1.0000
 0     0      13696.     0.9929     13599.     1.0000
 0     0      13716.     0.9925     13613.     1.0000
 0     0      13748.     0.9922     13640.     1.0000
 0     0      13772.     0.9924     13667.     1.0000
 0     0      13798.     0.9925     13695.     1.0000
 0     0      13827.     0.9924     13722.     1.0000
 0     0      13855.     0.9923     13749.     1.0000
 0     0      13870.     0.9923     13763.     1.0000
 0     0      13885.     0.9922     13777.     1.0000
 0     0      13897.     0.9924     13791.     1.0000
 0     0      13919.     0.9927     13818.     1.0000
 0     0      13943.     0.9930     13846.     1.0000
 0     0      13952.     0.9944     13874.     1.0000
 0     0      13959.     0.9962     13906.     1.0000
 0     0      13963.     0.9986     13943.     1.0000
 0     0      13972.     1.0009     13985.     1.0000
 0     0      13985.     1.0020     14013.     1.0000
 0     0      14003.     1.0027     14041.     1.0000
 0     0      14017.     1.0037     14069.     1.0000
 0     0      14029.     1.0049     14097.     1.0000
 0     0      14054.     1.0051     14125.     1.0000
 0     0      14068.     1.0061     14154.     1.0000
 0     0      14087.     1.0057     14168.     1.0000
 0     0      14113.     1.0059     14196.     1.0000
 0     0      14128.     1.0058     14210.     1.0000
 0     0      14146.     1.0056     14225.     1.0000
 0     0      14160.     1.0056     14239.     1.0000
 0     0      14175.     1.0055     14253.     1.0000
 0     0      14194.     1.0052     14267.     1.0000
 0     0      14217.     1.0055     14296.     1.0000
 0     0      14233.     1.0054     14310.     1.0000
 0     0      14260.     1.0056     14339.     1.0000
 0     0      14278.     1.0052     14353.     1.0000
 0     0      14293.     1.0052     14367.     1.0000
 0     0      14313.     1.0048     14382.     1.0000
 0     0      14333.     1.0044     14396.     1.0000
 0     0      14345.     1.0036     14396.     1.0000
 0     0      14370.     1.0028     14411.     1.0000
 0     0      14386.     1.0027     14425.     1.0000
 0     0      14412.     1.0019     14439.     1.0000
 0     0      14429.     1.0047     14497.     1.0000
 0     0      14449.     1.0043     14512.     1.0000
 0     0      14466.     1.0042     14526.     1.0000
 0     0      14498.     1.0030     14541.     1.0000
 0     0      14505.     1.0014     14526.     1.0000
 0     0      14517.     0.9996     14512.     1.0000
 0     0      14539.     0.9982     14512.     1.0000
 0     0      14561.     0.9976     14526.     1.0000
 0     0      14582.     0.9961     14526.     1.0000
 0     0      14591.     0.9955     14526.     1.0000
 0     0      14607.     0.9945     14526.     1.0000
 0     0      14628.     0.9940     14541.     1.0000
 0     0      14648.     0.9936     14555.     1.0000
 0     0      14671.     0.9931     14570.     1.0000
 0     0      14689.     0.9929     14584.     1.0000
 0     0      14705.     0.9928     14599.     1.0000
 0     0      14729.     0.9932     14628.     1.0000
 0     0      14747.     0.9929     14643.     1.0000
 0     0      14762.     0.9929     14657.     1.0000
 0     0      14776.     0.9930     14672.     1.0000
 0     0      14807.     0.9929     14701.     1.0000
 0     0      14820.     0.9930     14716.     1.0000
 0     0      14830.     0.9933     14731.     1.0000
 0     0      14840.     0.9937     14746.     1.0000
 0     0      14841.     0.9946     14760.     1.0000
 0     0      14841.     0.9962     14785.     1.0000
 0     0      14845.     0.9983     14819.     1.0000
 0     0      14853.     1.0008     14864.     1.0000
 0     0      14851.     1.0019     14879.     1.0000
 0     0      14855.     1.0026     14894.     1.0000
 0     0      14861.     1.0031     14908.     1.0000
 0     0      14859.     1.0043     14923.     1.0000
 0     0      14858.     1.0043     14923.     1.0000
 0     0      14860.     1.0052     14938.     1.0000
 0     0      14864.     1.0050     14938.     1.0000
 0     0      14864.     1.0050     14938.     1.0000
 0     0      14878.     1.0050     14953.     1.0000
 0     0      14881.     1.0048     14953.     1.0000
 0     0      14883.     1.0047     14953.     1.0000
 0     0      14899.     1.0046     14968.     1.0000
 0     0      14918.     1.0044     14983.     1.0000
 0     0      14930.     1.0046     14998.     1.0000
 0     0      14957.     1.0047     15028.     1.0000
 0     0      14970.     1.0048     15043.     1.0000
 0     0      14988.     1.0047     15058.     1.0000
 0     0      15002.     1.0047     15073.     1.0000
 0     0      15008.     1.0043     15073.     1.0000
 0     0      15024.     1.0042     15088.     1.0000
 0     0      15049.     1.0036     15103.     1.0000
 0     0      15077.     1.0028     15119.     1.0000
 0     0      15091.     1.0028     15134.     1.0000
 0     0      15120.     1.0019     15149.     1.0000
 0     0      15144.     1.0043     15209.     1.0000
 0     0      15154.     1.0047     15225.     1.0000
 0     0      15173.     1.0044     15240.     1.0000
 0     0      15187.     1.0035     15240.     1.0000
 0     0      15195.     1.0020     15225.     1.0000
 0     0      15205.     1.0002     15209.     1.0000
 0     0      15214.     0.9987     15194.     1.0000
 0     0      15223.     0.9981     15194.     1.0000
 0     0      15212.     0.9968     15164.     1.0000
 0     0      15211.     0.9959     15149.     1.0000
 0     0      15226.     0.9950     15149.     1.0000
 0     0      15235.     0.9943     15149.     1.0000
 0     0      15240.     0.9940     15149.     1.0000
 0     0      15248.     0.9935     15149.     1.0000
 0     0      15252.     0.9933     15149.     1.0000
 0     0      15255.     0.9930     15149.     1.0000
 0     0      15264.     0.9934     15164.     1.0000
 0     0      15268.     0.9932     15164.     1.0000
 0     0      15269.     0.9931     15164.     1.0000
 0     0      15282.     0.9933     15179.     1.0000
 0     0      15284.     0.9931     15179.     1.0000
 0     0      15297.     0.9933     15194.     1.0000
 0     0      15307.     0.9936     15209.     1.0000
 0     0      15316.     0.9941     15225.     1.0000
 0     0      15321.     0.9947     15240.     1.0000
 0     0      15312.     0.9963     15255.     1.0000
 0     0      15306.     0.9982     15278.     1.0000
 0     0      15296.     1.0008     15308.     1.0000
 0     0      15296.     1.0018     15324.     1.0000
 0     0      15299.     1.0026     15339.     1.0000
 0     0      15295.     1.0029     15339.     1.0000
 0     0      15295.     1.0038     15354.     1.0000
 0     0      15310.     1.0039     15370.     1.0000
 0     0      15314.     1.0046     15385.     1.0000
 0     0      15317.     1.0045     15385.     1.0000
 0     0      15334.     1.0044     15401.     1.0000
 0     0      15347.     1.0045     15416.     1.0000
 0     0      15364.     1.0043     15431.     1.0000
 0     0      15382.     1.0043     15447.     1.0000
 0     0      15399.     1.0041     15462.     1.0000
 0     0      15418.     1.0039     15478.     1.0000
 0     0      15431.     1.0040     15493.     1.0000
 0     0      15443.     1.0043     15509.     1.0000
 0     0      15457.     1.0044     15524.     1.0000
 0     0      15473.     1.0043     15540.     1.0000
 0     0      15487.     1.0044     15555.     1.0000
 0     0      15508.     1.0041     15571.     1.0000
 0     0      15522.     1.0041     15586.     1.0000
 0     0      15547.     1.0035     15602.     1.0000
 0     0      15559.     1.0027     15602.     1.0000
 0     0      15576.     1.0027     15618.     1.0000
 0     0      15603.     1.0019     15633.     1.0000
 0     0      15605.     1.0038     15664.     1.0000
 0     0      15622.     1.0047     15696.     1.0000
 0     0      15643.     1.0043     15711.     1.0000
 0     0      15655.     1.0036     15711.     1.0000
 0     0      15677.     1.0021     15711.     1.0000
 0     0      15704.     1.0005     15711.     1.0000
 0     0      15728.     0.9989     15711.     1.0000
 0     0      15754.     0.9983     15727.     1.0000
 0     0      15787.     0.9972     15743.     1.0000
 0     0      15804.     0.9961     15743.     1.0000
 0     0      15819.     0.9952     15743.     1.0000
 0     0      15831.     0.9944     15743.     1.0000
 0     0      15851.     0.9942     15759.     1.0000
 0     0      15875.     0.9936     15774.     1.0000
 0     0      15895.     0.9934     15790.     1.0000
 0     0      15916.     0.9931     15806.     1.0000
 0     0      15926.     0.9935     15822.     1.0000
 0     0      15945.     0.9933     15838.     1.0000
 0     0      15963.     0.9931     15853.     1.0000
 0     0      15991.     0.9934     15885.     1.0000
 0     0      16009.     0.9933     15901.     1.0000
 0     0      16024.     0.9933     15917.     1.0000
 0     0      16050.     0.9937     15949.     1.0000
 0     0      16074.     0.9942     15981.     1.0000
 0     0      16097.     0.9948     16013.     1.0000
 0     0      16121.     0.9963     16061.     1.0000
 0     0      16156.     0.9981     16125.     1.0000
 0     0      16193.     1.0008     16206.     1.0000
 0     0      16206.     1.0020     16238.     1.0000
 0     0      16225.     1.0028     16270.     1.0000
 0     0      16239.     1.0030     16287.     1.0000
 0     0      16242.     1.0037     16303.     1.0000
 0     0      16256.     1.0039     16319.     1.0000
 0     0      16264.     1.0044     16336.     1.0000
 0     0      16281.     1.0044     16352.     1.0000
 0     0      16299.     1.0042     16368.     1.0000
 0     0      16314.     1.0044     16385.     1.0000
 0     0      16332.     1.0042     16401.     1.0000
 0     0      16349.     1.0042     16417.     1.0000
 0     0      16353.     1.0039     16417.     1.0000
 0     0      16356.     1.0037     16417.     1.0000
 0     0      16373.     1.0037     16434.     1.0000
 0     0      16384.     1.0040     16450.     1.0000
 0     0      16400.     1.0041     16467.     1.0000
 0     0      16415.     1.0041     16483.     1.0000
 0     0      16431.     1.0042     16500.     1.0000
 0     0      16451.     1.0040     16516.     1.0000
 0     0      16465.     1.0041     16533.     1.0000
 0     0      16473.     1.0036     16533.     1.0000
