Time-varying betas,  60  coefficients per year
  0.0729  0.0741  0.0673  0.0600  0.0556  0.0542
 -0.0328 -0.0294 -0.0260 -0.0242 -0.0239 -0.0227
  0.0184  0.0189  0.0178  0.0170  0.0169  0.0171
  0.0050  0.0052  0.0068  0.0089  0.0104  0.0110
  0.0031  0.0035  0.0030  0.0025  0.0023  0.0025
 -0.0065 -0.0066 -0.0060 -0.0051 -0.0044 -0.0039
  0.0083  0.0086  0.0087  0.0087  0.0086  0.0086
 -0.0023 -0.0022 -0.0019 -0.0015 -0.0010 -0.0008
 -0.0009 -0.0011 -0.0014 -0.0014 -0.0013 -0.0010
  0.0006  0.0004  0.0004  0.0005  0.0007  0.0008
  0.0044  0.0046  0.0048  0.0049  0.0049  0.0050
  0.0002  0.0004  0.0005  0.0005  0.0005  0.0005
 -0.0010 -0.0011 -0.0012 -0.0011 -0.0011 -0.0010
  0.0017  0.0017  0.0014  0.0009  0.0006  0.0003
  0.0027  0.0027  0.0027  0.0027  0.0028  0.0029
 -0.0005 -0.0004 -0.0005 -0.0004 -0.0004 -0.0003
  0.0000 -0.0001 -0.0003 -0.0004 -0.0005 -0.0005
  0.0002  0.0004  0.0005  0.0005  0.0005  0.0005
  0.0021  0.0020  0.0020  0.0020  0.0020  0.0020
  0.0000 -0.0001 -0.0002 -0.0003 -0.0004 -0.0004
 -0.0003 -0.0002 -0.0001  0.0000  0.0002  0.0003
 -0.0002 -0.0001 -0.0001 -0.0001 -0.0001 -0.0002
  0.0006  0.0005  0.0005  0.0005  0.0004  0.0004
  0.0004  0.0004  0.0003  0.0002  0.0001  0.0000
 -0.0002 -0.0002 -0.0002 -0.0002 -0.0001  0.0000
 -0.0005 -0.0004 -0.0005 -0.0005 -0.0005 -0.0005
  0.0007  0.0007  0.0008  0.0008  0.0009  0.0009
  0.0000 -0.0001 -0.0001  0.0000  0.0001  0.0001
 -0.0004 -0.0004 -0.0004 -0.0004 -0.0003 -0.0002
 -0.0003 -0.0002 -0.0001 -0.0001 -0.0001  0.0000
  0.0003  0.0004  0.0005  0.0006  0.0007  0.0006
 -0.0001 -0.0001 -0.0001  0.0000  0.0001  0.0001
 -0.0009 -0.0009 -0.0008 -0.0008 -0.0007 -0.0007
 -0.0005 -0.0004 -0.0003 -0.0002 -0.0001  0.0000
  0.0003  0.0003  0.0004  0.0004  0.0004  0.0004
 -0.0006 -0.0006 -0.0006 -0.0006 -0.0005 -0.0005
 -0.0011 -0.0012 -0.0011 -0.0010 -0.0008 -0.0006
 -0.0001 -0.0001 -0.0001 -0.0002 -0.0002 -0.0003
  0.0002  0.0003  0.0004  0.0004  0.0005  0.0005
  0.0004  0.0003  0.0003  0.0002  0.0002  0.0001
 -0.0004 -0.0004 -0.0004 -0.0003 -0.0002 -0.0002
 -0.0003 -0.0002 -0.0002 -0.0003 -0.0003 -0.0003
  0.0008  0.0008  0.0009  0.0008  0.0008  0.0008
  0.0003  0.0003  0.0004  0.0004  0.0004  0.0004
 -0.0006 -0.0007 -0.0007 -0.0007 -0.0006 -0.0005
 -0.0004 -0.0005 -0.0005 -0.0005 -0.0005 -0.0005
  0.0009  0.0009  0.0009  0.0008  0.0007  0.0006
 -0.0003 -0.0003 -0.0003 -0.0004 -0.0003 -0.0003
 -0.0002 -0.0002 -0.0003 -0.0003 -0.0002 -0.0002
 -0.0001 -0.0001 -0.0003 -0.0003 -0.0004 -0.0004
 -0.0001 -0.0001  0.0000  0.0000  0.0000  0.0000
  0.0001  0.0000  0.0000 -0.0001 -0.0001 -0.0002
 -0.0006 -0.0006 -0.0006 -0.0005 -0.0005 -0.0004
  0.0000  0.0000  0.0000 -0.0001 -0.0002 -0.0003
  0.0005  0.0006  0.0005  0.0004  0.0003  0.0002
  0.0000  0.0000  0.0000  0.0001  0.0001  0.0001
 -0.0002 -0.0003 -0.0004 -0.0005 -0.0004 -0.0004
  0.0001  0.0001  0.0000 -0.0001 -0.0002 -0.0002
  0.0003  0.0004  0.0004  0.0004  0.0004  0.0003
  0.0001  0.0001  0.0001  0.0002  0.0003  0.0003
sa  varName             
     314      52    2013       6       3    2019       6       3       6
(8f10.0)
    10667.    10687.    10705.    10726.    10759.    10765.    10786.    10812.
    10840.    10868.    10888.    10902.    10914.    10928.    10944.    10958.
    10971.    10981.    10996.    11011.    11028.    11042.    11054.    11068.
    11079.    11092.    11111.    11120.    11126.    11117.    11114.    11112.
    11121.    11121.    11122.    11118.    11129.    11145.    11156.    11182.
    11202.    11226.    11249.    11270.    11293.    11318.    11337.    11362.
    11385.    11410.    11436.    11469.    11499.    11521.    11541.    11561.
    11570.    11580.    11605.    11620.    11638.    11657.    11679.    11706.
    11729.    11756.    11785.    11812.    11838.    11872.    11899.    11928.
    11959.    11985.    12021.    12048.    12083.    12121.    12155.    12189.
    12233.    12321.    12404.    12475.    12546.    12620.    12685.    12781.
    12844.    12890.    12953.    12984.    13007.    13035.    13063.    13102.
    13129.    13145.    13168.    13183.    13196.    13213.    13229.    13244.
    13268.    13279.    13303.    13322.    13327.    13384.    13410.    13425.
    13445.    13467.    13491.    13510.    13534.    13580.    13613.    13643.
    13674.    13696.    13716.    13748.    13772.    13798.    13827.    13855.
    13870.    13885.    13897.    13919.    13943.    13952.    13959.    13963.
    13972.    13985.    14003.    14017.    14029.    14054.    14068.    14087.
    14113.    14128.    14146.    14160.    14175.    14194.    14217.    14233.
    14260.    14278.    14293.    14313.    14333.    14345.    14370.    14386.
    14412.    14429.    14449.    14466.    14498.    14505.    14517.    14539.
    14561.    14582.    14591.    14607.    14628.    14648.    14671.    14689.
    14705.    14729.    14747.    14762.    14776.    14807.    14820.    14830.
    14840.    14841.    14841.    14845.    14853.    14851.    14855.    14861.
    14859.    14858.    14860.    14864.    14864.    14878.    14881.    14883.
    14899.    14918.    14930.    14957.    14970.    14988.    15002.    15008.
    15024.    15049.    15077.    15091.    15120.    15144.    15154.    15173.
    15187.    15195.    15205.    15214.    15223.    15212.    15211.    15226.
    15235.    15240.    15248.    15252.    15255.    15264.    15268.    15269.
    15282.    15284.    15297.    15307.    15316.    15321.    15312.    15306.
    15296.    15296.    15299.    15295.    15295.    15310.    15314.    15317.
    15334.    15347.    15364.    15382.    15399.    15418.    15431.    15443.
    15457.    15473.    15487.    15508.    15522.    15547.    15559.    15576.
    15603.    15605.    15622.    15643.    15655.    15677.    15704.    15728.
    15754.    15787.    15804.    15819.    15831.    15851.    15875.    15895.
    15916.    15926.    15945.    15963.    15991.    16009.    16024.    16050.
    16074.    16097.    16121.    16156.    16193.    16206.    16225.    16239.
    16242.    16256.    16264.    16281.    16299.    16314.    16332.    16349.
    16353.    16356.    16373.    16384.    16400.    16415.    16431.    16451.
    16465.    16473.
sa factors varName             
     418      52    2013       6       3    2021       5      31       6
(8f10.4)
    1.0054    1.0044    1.0038    1.0028    1.0037    1.0052    1.0041    1.0038
    1.0022    1.0006    0.9988    0.9975    0.9964    0.9952    0.9947    0.9934
    0.9932    0.9922    0.9919    0.9915    0.9920    0.9917    0.9917    0.9915
    0.9914    0.9913    0.9915    0.9917    0.9922    0.9940    0.9959    0.9984
    1.0007    1.0016    1.0025    1.0039    1.0048    1.0055    1.0064    1.0061
    1.0064    1.0062    1.0062    1.0063    1.0062    1.0060    1.0064    1.0062
    1.0062    1.0059    1.0057    1.0058    1.0052    1.0042    1.0035    1.0028
    1.0029    1.0051    1.0039    1.0037    1.0021    1.0005    0.9987    0.9973
    0.9964    0.9950    0.9946    0.9933    0.9931    0.9923    0.9919    0.9915
    0.9919    0.9918    0.9918    0.9915    0.9915    0.9914    0.9916    0.9919
    0.9922    0.9940    0.9959    0.9985    1.0008    1.0019    1.0028    1.0041
    1.0052    1.0057    1.0068    1.0064    1.0066    1.0064    1.0063    1.0064
    1.0063    1.0060    1.0063    1.0061    1.0062    1.0058    1.0056    1.0055
    1.0047    1.0038    1.0031    1.0026    1.0023    1.0050    1.0040    1.0039
    1.0024    1.0008    0.9990    0.9976    0.9968    0.9954    0.9950    0.9938
    0.9936    0.9929    0.9925    0.9922    0.9924    0.9925    0.9924    0.9923
    0.9923    0.9922    0.9924    0.9927    0.9930    0.9944    0.9962    0.9986
    1.0009    1.0020    1.0027    1.0037    1.0049    1.0051    1.0061    1.0057
    1.0059    1.0058    1.0056    1.0056    1.0055    1.0052    1.0055    1.0054
    1.0056    1.0052    1.0052    1.0048    1.0044    1.0036    1.0028    1.0027
    1.0019    1.0047    1.0043    1.0042    1.0030    1.0014    0.9996    0.9982
    0.9976    0.9961    0.9955    0.9945    0.9940    0.9936    0.9931    0.9929
    0.9928    0.9932    0.9929    0.9929    0.9930    0.9929    0.9930    0.9933
    0.9937    0.9946    0.9962    0.9983    1.0008    1.0019    1.0026    1.0031
    1.0043    1.0043    1.0052    1.0050    1.0050    1.0050    1.0048    1.0047
    1.0046    1.0044    1.0046    1.0047    1.0048    1.0047    1.0047    1.0043
    1.0042    1.0036    1.0028    1.0028    1.0019    1.0043    1.0047    1.0044
    1.0035    1.0020    1.0002    0.9987    0.9981    0.9968    0.9959    0.9950
    0.9943    0.9940    0.9935    0.9933    0.9930    0.9934    0.9932    0.9931
    0.9933    0.9931    0.9933    0.9936    0.9941    0.9947    0.9963    0.9982
    1.0008    1.0018    1.0026    1.0029    1.0038    1.0039    1.0046    1.0045
    1.0044    1.0045    1.0043    1.0043    1.0041    1.0039    1.0040    1.0043
    1.0044    1.0043    1.0044    1.0041    1.0041    1.0035    1.0027    1.0027
    1.0019    1.0038    1.0047    1.0043    1.0036    1.0021    1.0005    0.9989
    0.9983    0.9972    0.9961    0.9952    0.9944    0.9942    0.9936    0.9934
    0.9931    0.9935    0.9933    0.9931    0.9934    0.9933    0.9933    0.9937
    0.9942    0.9948    0.9963    0.9981    1.0008    1.0020    1.0028    1.0030
    1.0037    1.0039    1.0044    1.0044    1.0042    1.0044    1.0042    1.0042
    1.0039    1.0037    1.0037    1.0040    1.0041    1.0041    1.0042    1.0040
    1.0041    1.0036    1.0029    1.0027    1.0020    1.0033    1.0048    1.0043
    1.0038    1.0024    1.0007    0.9991    0.9983    0.9974    0.9962    0.9954
    0.9945    0.9942    0.9937    0.9934    0.9931    0.9934    0.9933    0.9931
    0.9933    0.9933    0.9933    0.9936    0.9942    0.9946    0.9960    0.9977
    1.0005    1.0019    1.0026    1.0030    1.0036    1.0039    1.0043    1.0045
    1.0042    1.0043    1.0043    1.0042    1.0040    1.0037    1.0036    1.0040
    1.0040    1.0042    1.0042    1.0040    1.0041    1.0038    1.0030    1.0026
    1.0023    1.0027    1.0049    1.0043    1.0040    1.0027    1.0011    0.9995
    0.9984    0.9978    0.9964    0.9957    0.9946    0.9943    0.9939    0.9935
    0.9932    0.9933    0.9934    0.9931    0.9932    0.9934    0.9932    0.9935
    0.9940    0.9944    0.9956    0.9972    0.9997    1.0017    1.0024    1.0030
    1.0033    1.0040    1.0041    1.0046    1.0042    1.0043    1.0043    1.0042
    1.0041    1.0038    1.0036    1.0040    1.0040    1.0042    1.0041    1.0041
    1.0040    1.0039
obs  varName             
     314      52    2013       6       3    2019       6       3       6
(8f10.0)
    10724.    10734.    10745.    10756.    10799.    10821.    10831.    10853.
    10864.    10875.    10875.    10875.    10875.    10875.    10886.    10886.
    10896.    10896.    10907.    10918.    10940.    10951.    10962.    10973.
    10984.    10995.    11017.    11028.    11039.    11050.    11068.    11094.
    11128.    11139.    11150.    11161.    11183.    11206.    11228.    11251.
    11273.    11296.    11318.    11341.    11363.    11386.    11409.    11432.
    11455.    11478.    11501.    11535.    11558.    11570.    11581.    11593.
    11604.    11639.    11651.    11663.    11663.    11663.    11663.    11674.
    11686.    11698.    11721.    11733.    11756.    11780.    11803.    11827.
    11862.    11886.    11922.    11946.    11981.    12017.    12053.    12090.
    12138.    12247.    12353.    12456.    12556.    12644.    12720.    12834.
    12911.    12963.    13041.    13067.    13093.    13119.    13145.    13185.
    13211.    13224.    13251.    13264.    13277.    13290.    13304.    13317.
    13330.    13330.    13344.    13357.    13357.    13451.    13464.    13477.
    13477.    13477.    13477.    13477.    13491.    13518.    13545.    13559.
    13586.    13599.    13613.    13640.    13667.    13695.    13722.    13749.
    13763.    13777.    13791.    13818.    13846.    13874.    13906.    13943.
    13985.    14013.    14041.    14069.    14097.    14125.    14154.    14168.
    14196.    14210.    14225.    14239.    14253.    14267.    14296.    14310.
    14339.    14353.    14367.    14382.    14396.    14396.    14411.    14425.
    14439.    14497.    14512.    14526.    14541.    14526.    14512.    14512.
    14526.    14526.    14526.    14526.    14541.    14555.    14570.    14584.
    14599.    14628.    14643.    14657.    14672.    14701.    14716.    14731.
    14746.    14760.    14785.    14819.    14864.    14879.    14894.    14908.
    14923.    14923.    14938.    14938.    14938.    14953.    14953.    14953.
    14968.    14983.    14998.    15028.    15043.    15058.    15073.    15073.
    15088.    15103.    15119.    15134.    15149.    15209.    15225.    15240.
    15240.    15225.    15209.    15194.    15194.    15164.    15149.    15149.
    15149.    15149.    15149.    15149.    15149.    15164.    15164.    15164.
    15179.    15179.    15194.    15209.    15225.    15240.    15255.    15278.
    15308.    15324.    15339.    15339.    15354.    15370.    15385.    15385.
    15401.    15416.    15431.    15447.    15462.    15478.    15493.    15509.
    15524.    15540.    15555.    15571.    15586.    15602.    15602.    15618.
    15633.    15664.    15696.    15711.    15711.    15711.    15711.    15711.
    15727.    15743.    15743.    15743.    15743.    15759.    15774.    15790.
    15806.    15822.    15838.    15853.    15885.    15901.    15917.    15949.
    15981.    16013.    16061.    16125.    16206.    16238.    16270.    16287.
    16303.    16319.    16336.    16352.    16368.    16385.    16401.    16417.
    16417.    16417.    16434.    16450.    16467.    16483.    16500.    16516.
    16533.    16533.
