  data period, loc
 number of holiday codes wanted
  no. of seasonal frequencies*2
 nfs =  60
 kbyr,kbmo,kbday,lyr,lmo,lday,iwkd
 kkbyr,kkbmo,kkbday  2013     6     3
 llyr,llmo,llday  2019     6     3

 series name is varName                                           

 starting date  2012     6    25     week 26     day of week  2

 ending date 2019    6    3     week 22

 dates for analysis are  22 2013  to  22 2019
 nobs =  314          nper = 52

     2013   6   3          2019   6   3

 label day is day 6 of data week
  phi = 0.40   sigma ratio = 16.0


 kbsub  lsub   log   exp
    0     0     1     1

 transformed data

             1       2       3       4       5       6       7       8       9      10      11      12      13
 
 2018      2.7264  2.7284  2.7294  2.7304  2.7304  2.7314  2.7324  2.7334  2.7334  2.7344  2.7354  2.7364  2.7374

            14      15      16      17      18      19      20      21      22      23      24      25      26
 
 2018      2.7384  2.7394  2.7404  2.7414  2.7424  2.7434  2.7444  2.7454  2.7464  2.7474  2.7474  2.7484  2.7494

            27      28      29      30      31      32      33      34      35      36      37      38      39
 
 2018      2.7514  2.7534  2.7544  2.7544  2.7544  2.7544  2.7544  2.7554  2.7564  2.7564  2.7564  2.7564  2.7574

            40      41      42      43      44      45      46      47      48      49      50      51      52      53
 
 2017                                                      2.7199  2.7199  2.7209  2.7219  2.7229  2.7239  2.7249
 2018      2.7584  2.7594  2.7604  2.7614  2.7624  2.7634
 a matrix of  314 rows and   60 columns will be made   nyrs=    6
 detrending filter
  1.0000 -1.0000
 detrending filter
  1.0000 -1.0000
 detrending filter
  1.0000 -1.0000
